[INFO] 2018-05-10 18:29:25,301 AppiumController extentReportSetUp - Running UPI Appium Automation testing for PNB
[INFO] 2018-05-10 18:29:25,396 Driver init - App started : com.fss.pnbpsp
[INFO] 2018-05-10 18:29:25,396 Driver instantiateDriver - The platform is : Android platform
[INFO] 2018-05-10 18:29:56,835 AppiumController extentbeforeMethod - @BeforeMethod : ThreadName: mainmBankingBaseFactory.AppiumController
[INFO] 2018-05-10 18:29:56,842 BalanceEnquiryTest login - **********Login to application**********
[INFO] 2018-05-10 18:29:56,962 AppiumController waitForElement - Entered Wait for locator
[INFO] 2018-05-10 18:30:01,005 AppiumController waitForElement - Element found : ******
[INFO] 2018-05-10 18:30:05,968 AppiumController sendText - Send Text : 123789
[INFO] 2018-05-10 18:30:05,969 BasePage loginApp - Login Pin send  : 123789
[INFO] 2018-05-10 18:30:05,970 AppiumController waitForElement - Entered Wait for locator
[INFO] 2018-05-10 18:30:06,554 AppiumController waitForElement - Element found : 
[INFO] 2018-05-10 18:30:08,425 AppiumController click - clicked element
[INFO] 2018-05-10 18:30:08,426 BalanceEnquiryTest login - ***************End***************
[INFO] 2018-05-10 18:30:08,431 AppiumController extentGetResult - @AfterMethod

[INFO] 2018-05-10 18:30:08,438 AppiumController extentbeforeMethod - @BeforeMethod : ThreadName: mainmBankingBaseFactory.AppiumController
[INFO] 2018-05-10 18:30:08,440 BalanceEnquiryTest setUPIPIN - **********Balance Enquiry**********
[INFO] 2018-05-10 18:30:08,449 AppiumController clickTextView - Click on element : View Balance
[INFO] 2018-05-10 18:30:09,422 AppiumController waitForElement - Entered Wait for locator
[INFO] 2018-05-10 18:30:12,113 AppiumController waitForElement - Element found : Bank Name	:
[INFO] 2018-05-10 18:30:12,298 AppiumController click - clicked element
[INFO] 2018-05-10 18:30:12,299 BalanceEnquiryTest setUPIPIN - ***************End***************
[INFO] 2018-05-10 18:30:12,303 AppiumController extentGetResult - @AfterMethod

[INFO] 2018-05-10 18:30:12,305 AppiumController extentbeforeMethod - @BeforeMethod : ThreadName: mainmBankingBaseFactory.AppiumController
[INFO] 2018-05-10 18:30:12,309 BalanceEnquiryTest AppExit - **********Exit Application**********
[INFO] 2018-05-10 18:30:12,315 AppiumController waitForElement - Entered Wait for locator
[INFO] 2018-05-10 18:30:20,485 BasePage exitapp - No btn appeared
[INFO] 2018-05-10 18:30:23,637 AppiumController click - clicked element
[INFO] 2018-05-10 18:30:24,726 AppiumController click - org.openqa.selenium.NoSuchElementException: Can't locate an element by this strategy: Locator map: 
- native content: "By.id: com.fss.pnbpsp:id/drawermenu" 
- html content: "by id or name "menuDrawer""
For documentation on this error, please visit: http://seleniumhq.org/exceptions/no_such_element.html
Build info: version: '2.53.1', revision: 'a36b8b1cd5757287168e54b817830adce9b0158d', time: '2016-06-30 19:26:09'
System info: host: 'FSSCHND13937', ip: '10.44.71.115', os.name: 'Windows 7', os.arch: 'x86', os.version: '6.1', java.version: '1.8.0_144'
Driver info: driver.version: unknown
[INFO] 2018-05-10 18:30:24,740 BasePage exitapp - Clicked on Menu Drawer box
[INFO] 2018-05-10 18:30:25,855 AppiumController click - org.openqa.selenium.NoSuchElementException: Can't locate an element by this strategy: Locator map: 
- native content: "By.id: com.fss.pnbpsp:id/logout_btn" 
- html content: "by id or name "logoutBtn""
For documentation on this error, please visit: http://seleniumhq.org/exceptions/no_such_element.html
Build info: version: '2.53.1', revision: 'a36b8b1cd5757287168e54b817830adce9b0158d', time: '2016-06-30 19:26:09'
System info: host: 'FSSCHND13937', ip: '10.44.71.115', os.name: 'Windows 7', os.arch: 'x86', os.version: '6.1', java.version: '1.8.0_144'
Driver info: driver.version: unknown
[INFO] 2018-05-10 18:30:25,866 BasePage exitapp - Clicked on Logout button
[INFO] 2018-05-10 18:30:27,003 AppiumController click - org.openqa.selenium.NoSuchElementException: Can't locate an element by this strategy: Locator map: 
- native content: "By.id: com.fss.pnbpsp:id/button_yes" 
- html content: "by id or name "yesBtn""
For documentation on this error, please visit: http://seleniumhq.org/exceptions/no_such_element.html
Build info: version: '2.53.1', revision: 'a36b8b1cd5757287168e54b817830adce9b0158d', time: '2016-06-30 19:26:09'
System info: host: 'FSSCHND13937', ip: '10.44.71.115', os.name: 'Windows 7', os.arch: 'x86', os.version: '6.1', java.version: '1.8.0_144'
Driver info: driver.version: unknown
[INFO] 2018-05-10 18:30:27,009 BasePage exitapp - Clicked on Yes button
[INFO] 2018-05-10 18:30:27,010 AppiumController waitForElement - Entered Wait for locator
[INFO] 2018-05-10 18:30:36,227 AppiumController extentGetResult - @AfterMethod

[INFO] 2018-05-10 18:30:39,467 AppiumController takeScreenShot - Failed Screenshot captured : Thu_May_10_18_30_36_IST_2018.png
[INFO] 2018-05-10 18:30:39,498 AppiumController tearDown - @AfterSuite
