[INFO] 2018-05-10 18:19:15,584 AppiumController extentReportSetUp - Running UPI Appium Automation testing for PNB
[INFO] 2018-05-10 18:19:15,677 Driver init - App started : com.fss.pnbpsp
[INFO] 2018-05-10 18:19:15,677 Driver instantiateDriver - The platform is : Android platform
[INFO] 2018-05-10 18:19:44,502 AppiumController extentbeforeMethod - @BeforeMethod : ThreadName: mainmBankingBaseFactory.AppiumController
[INFO] 2018-05-10 18:19:44,509 BalanceEnquiryTest login - **********Login to application**********
[INFO] 2018-05-10 18:19:44,634 AppiumController waitForElement - Entered Wait for locator
[INFO] 2018-05-10 18:19:48,100 AppiumController waitForElement - Element found : ******
[INFO] 2018-05-10 18:19:53,111 AppiumController sendText - Send Text : 123789
[INFO] 2018-05-10 18:19:53,111 BasePage loginApp - Login Pin send  : 123789
[INFO] 2018-05-10 18:19:53,112 AppiumController waitForElement - Entered Wait for locator
[INFO] 2018-05-10 18:19:53,702 AppiumController waitForElement - Element found : 
[INFO] 2018-05-10 18:19:56,859 AppiumController click - clicked element
[INFO] 2018-05-10 18:19:56,860 BalanceEnquiryTest login - ***************End***************
[INFO] 2018-05-10 18:19:56,865 AppiumController extentGetResult - @AfterMethod

[INFO] 2018-05-10 18:19:56,870 AppiumController extentbeforeMethod - @BeforeMethod : ThreadName: mainmBankingBaseFactory.AppiumController
[INFO] 2018-05-10 18:19:56,873 BalanceEnquiryTest setUPIPIN - **********Balance Enquiry**********
[INFO] 2018-05-10 18:19:56,886 AppiumController clickTextView - Click on element : View Balance
[INFO] 2018-05-10 18:19:59,642 AppiumController waitForElement - Entered Wait for locator
[INFO] 2018-05-10 18:20:02,338 AppiumController waitForElement - Element found : Bank Name	:
[INFO] 2018-05-10 18:20:02,536 AppiumController click - clicked element
[INFO] 2018-05-10 18:20:03,227 BasePage viewBalance - true
[INFO] 2018-05-10 18:20:03,279 BasePage viewBalance - true
[INFO] 2018-05-10 18:20:03,279 BalanceEnquiryTest setUPIPIN - ***************End***************
[INFO] 2018-05-10 18:20:03,281 AppiumController extentGetResult - @AfterMethod

[INFO] 2018-05-10 18:20:03,282 AppiumController extentbeforeMethod - @BeforeMethod : ThreadName: mainmBankingBaseFactory.AppiumController
[INFO] 2018-05-10 18:20:03,283 BalanceEnquiryTest AppExit - **********Exit Application**********
[INFO] 2018-05-10 18:20:03,289 AppiumController waitForElement - Entered Wait for locator
[INFO] 2018-05-10 18:20:11,321 BasePage exitapp - true
[INFO] 2018-05-10 18:20:11,363 BasePage exitapp - true
[INFO] 2018-05-10 18:20:12,466 AppiumController extentGetResult - @AfterMethod

[INFO] 2018-05-10 18:20:15,410 AppiumController takeScreenShot - Failed Screenshot captured : Thu_May_10_18_20_12_IST_2018.png
[INFO] 2018-05-10 18:20:15,448 AppiumController tearDown - @AfterSuite
