[INFO] 2018-05-10 18:32:25,512 AppiumController extentReportSetUp - Running UPI Appium Automation testing for PNB
[INFO] 2018-05-10 18:32:25,611 Driver init - App started : com.fss.pnbpsp
[INFO] 2018-05-10 18:32:25,612 Driver instantiateDriver - The platform is : Android platform
[INFO] 2018-05-10 18:32:53,940 AppiumController extentbeforeMethod - @BeforeMethod : ThreadName: mainmBankingBaseFactory.AppiumController
[INFO] 2018-05-10 18:32:53,946 BalanceEnquiryTest login - **********Login to application**********
[INFO] 2018-05-10 18:32:54,072 AppiumController waitForElement - Entered Wait for locator
[INFO] 2018-05-10 18:32:57,499 AppiumController waitForElement - Element found : ******
[INFO] 2018-05-10 18:33:02,482 AppiumController sendText - Send Text : 123789
[INFO] 2018-05-10 18:33:02,483 BasePage loginApp - Login Pin send  : 123789
[INFO] 2018-05-10 18:33:02,484 AppiumController waitForElement - Entered Wait for locator
[INFO] 2018-05-10 18:33:03,113 AppiumController waitForElement - Element found : 
[INFO] 2018-05-10 18:33:05,371 AppiumController click - clicked element
[INFO] 2018-05-10 18:33:05,372 BalanceEnquiryTest login - ***************End***************
[INFO] 2018-05-10 18:33:05,375 AppiumController extentGetResult - @AfterMethod

[INFO] 2018-05-10 18:33:05,380 AppiumController extentbeforeMethod - @BeforeMethod : ThreadName: mainmBankingBaseFactory.AppiumController
[INFO] 2018-05-10 18:33:05,382 BalanceEnquiryTest setUPIPIN - **********Balance Enquiry**********
[INFO] 2018-05-10 18:33:05,390 AppiumController clickTextView - Click on element : View Balance
[INFO] 2018-05-10 18:33:06,367 AppiumController waitForElement - Entered Wait for locator
[INFO] 2018-05-10 18:33:09,058 AppiumController waitForElement - Element found : Bank Name	:
[INFO] 2018-05-10 18:33:09,248 AppiumController click - clicked element
[INFO] 2018-05-10 18:33:09,249 BalanceEnquiryTest setUPIPIN - ***************End***************
[INFO] 2018-05-10 18:33:09,253 AppiumController extentGetResult - @AfterMethod

[INFO] 2018-05-10 18:33:09,256 AppiumController extentbeforeMethod - @BeforeMethod : ThreadName: mainmBankingBaseFactory.AppiumController
[INFO] 2018-05-10 18:33:09,259 BalanceEnquiryTest AppExit - **********Exit Application**********
[INFO] 2018-05-10 18:33:09,265 BasePage exitapp - entering loop
[INFO] 2018-05-10 18:33:09,265 AppiumController waitForElement - Entered Wait for locator
[INFO] 2018-05-10 18:33:17,399 BasePage exitapp - No btn appeared
[INFO] 2018-05-10 18:33:20,547 AppiumController click - clicked element
[INFO] 2018-05-10 18:33:20,548 BasePage exitapp - true
[INFO] 2018-05-10 18:33:21,672 AppiumController click - org.openqa.selenium.NoSuchElementException: Can't locate an element by this strategy: Locator map: 
- native content: "By.id: com.fss.pnbpsp:id/drawermenu" 
- html content: "by id or name "menuDrawer""
For documentation on this error, please visit: http://seleniumhq.org/exceptions/no_such_element.html
Build info: version: '2.53.1', revision: 'a36b8b1cd5757287168e54b817830adce9b0158d', time: '2016-06-30 19:26:09'
System info: host: 'FSSCHND13937', ip: '10.44.71.115', os.name: 'Windows 7', os.arch: 'x86', os.version: '6.1', java.version: '1.8.0_144'
Driver info: driver.version: unknown
[INFO] 2018-05-10 18:33:21,685 BasePage exitapp - Clicked on Menu Drawer box
[INFO] 2018-05-10 18:33:22,785 AppiumController click - org.openqa.selenium.NoSuchElementException: Can't locate an element by this strategy: Locator map: 
- native content: "By.id: com.fss.pnbpsp:id/logout_btn" 
- html content: "by id or name "logoutBtn""
For documentation on this error, please visit: http://seleniumhq.org/exceptions/no_such_element.html
Build info: version: '2.53.1', revision: 'a36b8b1cd5757287168e54b817830adce9b0158d', time: '2016-06-30 19:26:09'
System info: host: 'FSSCHND13937', ip: '10.44.71.115', os.name: 'Windows 7', os.arch: 'x86', os.version: '6.1', java.version: '1.8.0_144'
Driver info: driver.version: unknown
[INFO] 2018-05-10 18:33:22,792 BasePage exitapp - Clicked on Logout button
[INFO] 2018-05-10 18:33:23,890 AppiumController click - org.openqa.selenium.NoSuchElementException: Can't locate an element by this strategy: Locator map: 
- native content: "By.id: com.fss.pnbpsp:id/button_yes" 
- html content: "by id or name "yesBtn""
For documentation on this error, please visit: http://seleniumhq.org/exceptions/no_such_element.html
Build info: version: '2.53.1', revision: 'a36b8b1cd5757287168e54b817830adce9b0158d', time: '2016-06-30 19:26:09'
System info: host: 'FSSCHND13937', ip: '10.44.71.115', os.name: 'Windows 7', os.arch: 'x86', os.version: '6.1', java.version: '1.8.0_144'
Driver info: driver.version: unknown
[INFO] 2018-05-10 18:33:23,899 BasePage exitapp - Clicked on Yes button
[INFO] 2018-05-10 18:33:23,900 BasePage exitapp - entering loop
[INFO] 2018-05-10 18:33:23,901 AppiumController waitForElement - Entered Wait for locator
[INFO] 2018-05-10 18:33:33,156 AppiumController extentGetResult - @AfterMethod

[INFO] 2018-05-10 18:33:36,449 AppiumController takeScreenShot - Failed Screenshot captured : Thu_May_10_18_33_33_IST_2018.png
[INFO] 2018-05-10 18:33:36,480 AppiumController tearDown - @AfterSuite
