[INFO] 2018-05-10 18:16:19,174 AppiumController extentReportSetUp - Running UPI Appium Automation testing for PNB
[INFO] 2018-05-10 18:16:19,274 Driver init - App started : com.fss.pnbpsp
[INFO] 2018-05-10 18:16:19,274 Driver instantiateDriver - The platform is : Android platform
[INFO] 2018-05-10 18:16:49,541 AppiumController extentbeforeMethod - @BeforeMethod : ThreadName: mainmBankingBaseFactory.AppiumController
[INFO] 2018-05-10 18:16:49,548 BalanceEnquiryTest login - **********Login to application**********
[INFO] 2018-05-10 18:16:49,671 AppiumController waitForElement - Entered Wait for locator
[INFO] 2018-05-10 18:16:53,614 AppiumController waitForElement - Element found : ******
[INFO] 2018-05-10 18:16:58,566 AppiumController sendText - Send Text : 123789
[INFO] 2018-05-10 18:16:58,568 BasePage loginApp - Login Pin send  : 123789
[INFO] 2018-05-10 18:16:58,569 AppiumController waitForElement - Entered Wait for locator
[INFO] 2018-05-10 18:16:59,148 AppiumController waitForElement - Element found : 
[INFO] 2018-05-10 18:17:01,187 AppiumController click - clicked element
[INFO] 2018-05-10 18:17:01,188 BalanceEnquiryTest login - ***************End***************
[INFO] 2018-05-10 18:17:01,193 AppiumController extentGetResult - @AfterMethod

[INFO] 2018-05-10 18:17:01,200 AppiumController extentbeforeMethod - @BeforeMethod : ThreadName: mainmBankingBaseFactory.AppiumController
[INFO] 2018-05-10 18:17:01,203 BalanceEnquiryTest setUPIPIN - **********Balance Enquiry**********
[INFO] 2018-05-10 18:17:01,210 AppiumController clickTextView - Click on element : View Balance
[INFO] 2018-05-10 18:17:02,160 AppiumController waitForElement - Entered Wait for locator
[INFO] 2018-05-10 18:17:05,321 AppiumController waitForElement - Element found : Bank Name	:
[INFO] 2018-05-10 18:17:05,518 AppiumController click - clicked element
[INFO] 2018-05-10 18:17:06,188 BasePage viewBalance - true
[INFO] 2018-05-10 18:17:06,231 BasePage viewBalance - true
[INFO] 2018-05-10 18:17:06,231 BalanceEnquiryTest setUPIPIN - ***************End***************
[INFO] 2018-05-10 18:17:06,234 AppiumController extentGetResult - @AfterMethod

[INFO] 2018-05-10 18:17:06,239 AppiumController extentbeforeMethod - @BeforeMethod : ThreadName: mainmBankingBaseFactory.AppiumController
[INFO] 2018-05-10 18:17:06,241 BalanceEnquiryTest AppExit - **********Exit Application**********
[INFO] 2018-05-10 18:17:06,247 AppiumController waitForElement - Entered Wait for locator
[INFO] 2018-05-10 18:17:14,299 BasePage exitapp - true
[INFO] 2018-05-10 18:17:14,331 BasePage exitapp - true
[INFO] 2018-05-10 18:17:15,445 AppiumController extentGetResult - @AfterMethod

[INFO] 2018-05-10 18:17:18,496 AppiumController takeScreenShot - Failed Screenshot captured : Thu_May_10_18_17_15_IST_2018.png
[INFO] 2018-05-10 18:17:18,528 AppiumController tearDown - @AfterSuite
