[INFO] 2018-05-10 18:11:15,042 AppiumController extentReportSetUp - Running UPI Appium Automation testing for PNB
[INFO] 2018-05-10 18:11:15,140 Driver init - App started : com.fss.pnbpsp
[INFO] 2018-05-10 18:11:15,141 Driver instantiateDriver - The platform is : Android platform
[INFO] 2018-05-10 18:11:46,177 AppiumController extentbeforeMethod - @BeforeMethod : ThreadName: mainmBankingBaseFactory.AppiumController
[INFO] 2018-05-10 18:11:46,185 BalanceEnquiryTest login - **********Login to application**********
[INFO] 2018-05-10 18:11:46,309 AppiumController waitForElement - Entered Wait for locator
[INFO] 2018-05-10 18:11:49,740 AppiumController waitForElement - Element found : ******
[INFO] 2018-05-10 18:11:54,772 AppiumController sendText - Send Text : 123789
[INFO] 2018-05-10 18:11:54,773 BasePage loginApp - Login Pin send  : 123789
[INFO] 2018-05-10 18:11:54,774 AppiumController waitForElement - Entered Wait for locator
[INFO] 2018-05-10 18:11:55,332 AppiumController waitForElement - Element found : 
[INFO] 2018-05-10 18:11:57,459 AppiumController click - clicked element
[INFO] 2018-05-10 18:11:57,460 BalanceEnquiryTest login - ***************End***************
[INFO] 2018-05-10 18:11:57,465 AppiumController extentGetResult - @AfterMethod

[INFO] 2018-05-10 18:11:57,472 AppiumController extentbeforeMethod - @BeforeMethod : ThreadName: mainmBankingBaseFactory.AppiumController
[INFO] 2018-05-10 18:11:57,473 BalanceEnquiryTest setUPIPIN - **********Balance Enquiry**********
[INFO] 2018-05-10 18:11:57,481 AppiumController clickTextView - Click on element : View Balance
[INFO] 2018-05-10 18:11:58,440 AppiumController waitForElement - Entered Wait for locator
[INFO] 2018-05-10 18:12:00,849 AppiumController waitForElement - Element found : Bank Name	:
[INFO] 2018-05-10 18:12:01,052 AppiumController click - clicked element
[INFO] 2018-05-10 18:12:01,712 BasePage viewBalance - true
[INFO] 2018-05-10 18:12:01,761 BasePage viewBalance - true
[INFO] 2018-05-10 18:12:01,761 BalanceEnquiryTest setUPIPIN - ***************End***************
[INFO] 2018-05-10 18:12:01,764 AppiumController extentGetResult - @AfterMethod

[INFO] 2018-05-10 18:12:01,765 AppiumController extentbeforeMethod - @BeforeMethod : ThreadName: mainmBankingBaseFactory.AppiumController
[INFO] 2018-05-10 18:12:01,767 BalanceEnquiryTest AppExit - **********Exit Application**********
[INFO] 2018-05-10 18:12:01,777 AppiumController waitForElement - Entered Wait for locator
[INFO] 2018-05-10 18:12:10,946 AppiumController waitForElement - Entered Wait for locator
[INFO] 2018-05-10 18:12:20,063 AppiumController waitForElement - Entered Wait for locator
[INFO] 2018-05-10 18:12:29,144 AppiumController waitForElement - Entered Wait for locator
