[INFO] 2018-05-10 18:27:00,698 AppiumController extentReportSetUp - Running UPI Appium Automation testing for PNB
[INFO] 2018-05-10 18:27:00,797 Driver init - App started : com.fss.pnbpsp
[INFO] 2018-05-10 18:27:00,797 Driver instantiateDriver - The platform is : Android platform
[INFO] 2018-05-10 18:27:30,031 AppiumController extentbeforeMethod - @BeforeMethod : ThreadName: mainmBankingBaseFactory.AppiumController
[INFO] 2018-05-10 18:27:30,038 BalanceEnquiryTest login - **********Login to application**********
[INFO] 2018-05-10 18:27:30,173 AppiumController waitForElement - Entered Wait for locator
[INFO] 2018-05-10 18:27:34,117 AppiumController waitForElement - Element found : ******
[INFO] 2018-05-10 18:27:39,105 AppiumController sendText - Send Text : 123789
[INFO] 2018-05-10 18:27:39,106 BasePage loginApp - Login Pin send  : 123789
[INFO] 2018-05-10 18:27:39,107 AppiumController waitForElement - Entered Wait for locator
[INFO] 2018-05-10 18:27:39,711 AppiumController waitForElement - Element found : 
[INFO] 2018-05-10 18:27:41,768 AppiumController click - clicked element
[INFO] 2018-05-10 18:27:41,769 BalanceEnquiryTest login - ***************End***************
[INFO] 2018-05-10 18:27:41,774 AppiumController extentGetResult - @AfterMethod

[INFO] 2018-05-10 18:27:41,781 AppiumController extentbeforeMethod - @BeforeMethod : ThreadName: mainmBankingBaseFactory.AppiumController
[INFO] 2018-05-10 18:27:41,784 BalanceEnquiryTest setUPIPIN - **********Balance Enquiry**********
[INFO] 2018-05-10 18:27:41,796 AppiumController clickTextView - Click on element : View Balance
[INFO] 2018-05-10 18:27:42,744 AppiumController waitForElement - Entered Wait for locator
[INFO] 2018-05-10 18:27:45,483 AppiumController waitForElement - Element found : Bank Name	:
[INFO] 2018-05-10 18:27:45,673 AppiumController click - clicked element
[INFO] 2018-05-10 18:27:46,329 BasePage viewBalance - true
[INFO] 2018-05-10 18:27:46,383 BasePage viewBalance - true
[INFO] 2018-05-10 18:27:46,383 BalanceEnquiryTest setUPIPIN - ***************End***************
[INFO] 2018-05-10 18:27:46,385 AppiumController extentGetResult - @AfterMethod

[INFO] 2018-05-10 18:27:46,386 AppiumController extentbeforeMethod - @BeforeMethod : ThreadName: mainmBankingBaseFactory.AppiumController
[INFO] 2018-05-10 18:27:46,388 BalanceEnquiryTest AppExit - **********Exit Application**********
[INFO] 2018-05-10 18:27:46,398 AppiumController waitForElement - Entered Wait for locator
[INFO] 2018-05-10 18:27:54,478 BasePage exitapp - true
[INFO] 2018-05-10 18:27:54,513 BasePage exitapp - true
[INFO] 2018-05-10 18:27:54,543 BasePage exitapp - Yes btn appeared
[INFO] 2018-05-10 18:27:54,990 AppiumController click - clicked element
[INFO] 2018-05-10 18:27:56,055 AppiumController extentGetResult - @AfterMethod

[INFO] 2018-05-10 18:27:59,122 AppiumController takeScreenShot - Failed Screenshot captured : Thu_May_10_18_27_56_IST_2018.png
[INFO] 2018-05-10 18:27:59,153 AppiumController tearDown - @AfterSuite
