[INFO] 2018-05-09 19:34:37,608 AppiumController extentReportSetUp - Running UPI Appium Automation testing for PNB
[INFO] 2018-05-09 19:34:37,702 Driver init - App started : com.fss.pnbpsp
[INFO] 2018-05-09 19:34:37,702 Driver instantiateDriver - The platform is : Android platform
[INFO] 2018-05-09 19:35:06,146 AppiumController extentReportSetUp - 

[INFO] 2018-05-09 19:35:06,206 AppiumController extentbeforeMethod - @BeforeMethod : ThreadName: mainmBankingBaseFactory.AppiumController
[INFO] 2018-05-09 19:35:06,214 LoginPageTest AppLogin - **********Login to Application**********
[INFO] 2018-05-09 19:35:06,332 AppiumController waitForElement - Entered Wait for locator
[INFO] 2018-05-09 19:35:11,404 AppiumController waitForElement - Element found : ******
[INFO] 2018-05-09 19:35:16,396 AppiumController sendText - Send Text : 123789
[INFO] 2018-05-09 19:35:16,398 LoginPage loginApp - Login Pin send  : 123789
[INFO] 2018-05-09 19:35:19,568 AppiumController click - clicked element
[INFO] 2018-05-09 19:35:19,570 LoginPageTest AppLogin - ***************End***************
[INFO] 2018-05-09 19:35:19,573 AppiumController extentGetResult - @AfterMethod

[INFO] 2018-05-09 19:35:19,578 AppiumController extentbeforeMethod - @BeforeMethod : ThreadName: mainmBankingBaseFactory.AppiumController
[INFO] 2018-05-09 19:35:19,580 LoginPageTest AppExit - **********Exit Application**********
[INFO] 2018-05-09 19:35:19,590 AppiumController waitForElement - Entered Wait for locator
[INFO] 2018-05-09 19:35:20,317 AppiumController waitForElement - Element found : 
[INFO] 2018-05-09 19:35:20,607 AppiumController click - clicked element
[INFO] 2018-05-09 19:35:20,607 LoginPage exitApp - Clicked on Menu Drawer box
[INFO] 2018-05-09 19:35:21,769 AppiumController click - clicked element
[INFO] 2018-05-09 19:35:21,770 LoginPage exitApp - Clicked on Logout button
[INFO] 2018-05-09 19:35:22,792 AppiumController click - clicked element
[INFO] 2018-05-09 19:35:22,793 LoginPage exitApp - Clicked on Yes button
[INFO] 2018-05-09 19:35:22,795 LoginPageTest AppExit - ***************End***************
[INFO] 2018-05-09 19:35:22,799 AppiumController extentGetResult - @AfterMethod

[INFO] 2018-05-09 19:35:22,838 AppiumController extentbeforeMethod - @BeforeMethod : ThreadName: mainmBankingBaseFactory.AppiumController
[INFO] 2018-05-09 19:35:22,840 AddBankTest AddBankValid - **********Add Bank**********
[INFO] 2018-05-09 19:35:22,845 AppiumController waitForElement - Entered Wait for locator
[INFO] 2018-05-09 19:35:24,652 AppiumController waitForElement - Element found : ******
[INFO] 2018-05-09 19:35:29,523 AppiumController sendText - Send Text : 123789
[INFO] 2018-05-09 19:35:29,524 LoginPage loginApp - Login Pin send  : 123789
[INFO] 2018-05-09 19:35:32,411 AppiumController click - clicked element
[INFO] 2018-05-09 19:35:32,412 AppiumController waitForElement - Entered Wait for locator
[INFO] 2018-05-09 19:35:33,066 AppiumController waitForElement - Element found : Add Bank A/C
[INFO] 2018-05-09 19:35:33,547 AppiumController click - clicked element
[INFO] 2018-05-09 19:35:33,548 AppiumController waitForElement - Entered Wait for locator
[INFO] 2018-05-09 19:35:42,299 AppiumController waitForElement - Element found : ADD BANK ACCOUNT
[INFO] 2018-05-09 19:35:48,049 AppiumController sendText - Send Text : Sarva UP Gramin Bank
[INFO] 2018-05-09 19:35:48,608 AppiumController getxy - X is 15,Y is 492
[INFO] 2018-05-09 19:35:48,642 AppiumController waitForElement - Entered Wait for locator
[INFO] 2018-05-09 19:35:52,958 AppiumController waitForElement - Element found : OK
[INFO] 2018-05-09 19:35:52,959 LoginPage addBank - Transaction timed out : 1
[INFO] 2018-05-09 19:35:56,110 AppiumController click - clicked element
[INFO] 2018-05-09 19:35:59,311 AppiumController click - clicked element
[INFO] 2018-05-09 19:35:59,393 AppiumController getxy - X is 15,Y is 492
[INFO] 2018-05-09 19:35:59,419 AppiumController waitForElement - Entered Wait for locator
[INFO] 2018-05-09 19:36:03,913 AppiumController waitForElement - Element found : OK
[INFO] 2018-05-09 19:36:03,914 LoginPage addBank - Transaction timed out : 2
[INFO] 2018-05-09 19:36:07,056 AppiumController click - clicked element
[INFO] 2018-05-09 19:36:10,265 AppiumController click - clicked element
[INFO] 2018-05-09 19:36:10,330 AppiumController getxy - X is 15,Y is 492
[INFO] 2018-05-09 19:36:10,353 LoginPage addBank - element found
[INFO] 2018-05-09 19:36:10,353 AddBankTest AddBankValid - ***************End***************
[INFO] 2018-05-09 19:36:10,354 AppiumController extentGetResult - @AfterMethod

[INFO] 2018-05-09 19:36:10,370 AppiumController extentbeforeMethod - @BeforeMethod : ThreadName: mainmBankingBaseFactory.AppiumController
[INFO] 2018-05-09 19:36:10,371 SetUPIPINTest setUPIPIN - **********Set UPI PIN**********
[INFO] 2018-05-09 19:36:10,373 AppiumController waitForElement - Entered Wait for locator
[INFO] 2018-05-09 19:36:26,711 AppiumController waitForElement - Element found : Set UPI PIN
[INFO] 2018-05-09 19:36:27,139 AppiumController click - clicked element
[INFO] 2018-05-09 19:36:27,140 AppiumController waitForElement - Entered Wait for locator
[INFO] 2018-05-09 19:36:31,421 AppiumController waitForElement - Element found : MOBILE BANKING REGISTRATION / GENERATE PIN
[INFO] 2018-05-09 19:36:32,557 AppiumController extentGetResult - @AfterMethod

[INFO] 2018-05-09 19:36:35,511 AppiumController takeScreenShot - Failed Screenshot captured : Wed_May_09_19_36_32_IST_2018.png
[INFO] 2018-05-09 19:36:35,526 AppiumController tearDown - @AfterSuite
